<?xml version='1.0' encoding='UTF-8'?>
<testsuite hostname="DESKTOP-6I8TH3P" name="livechart.ModelTest" tests="3" errors="0" failures="0" skipped="0" time="-0.003" timestamp="2025-12-12T13:51:47">
          <properties>
[...]
</properties>
          <testcase classname="livechart.ModelTest" name="fullPrice" time="-0.001">
                      
                    </testcase><testcase classname="livechart.ModelTest" name="addDataItem" time="-0.001">
                      
                    </testcase><testcase classname="livechart.ModelTest" name="removeDataItem" time="-0.001">
                      
                    </testcase>
          <system-out><![CDATA[]]></system-out>
          <system-err><![CDATA[]]></system-err>
        </testsuite>